kotlin version: 2.0.21
error message: java.lang.AbstractMethodError: Receiver class androidx.room.migration.bundle.FieldBundle$$serializer does not define or inherit an implementation of the resolved method 'abstract kotlinx.serialization.KSerializer[] typeParametersSerializers()' of interface kotlinx.serialization.internal.GeneratedSerializer.
	at kotlinx.serialization.internal.PluginGeneratedSerialDescriptor$typeParameterDescriptors$2.invoke(PluginGeneratedSerialDescriptor.kt:40)
	at kotlinx.serialization.internal.PluginGeneratedSerialDescriptor$typeParameterDescriptors$2.invoke(PluginGeneratedSerialDescriptor.kt:39)
	at kotlin.SafePublicationLazyImpl.getValue(LazyJVM.kt:107)
	at kotlinx.serialization.internal.PluginGeneratedSerialDescriptor.getTypeParameterDescriptors$kotlinx_serialization_core(PluginGeneratedSerialDescriptor.kt:39)
	at kotlinx.serialization.internal.PluginGeneratedSerialDescriptor$_hashCode$2.invoke(PluginGeneratedSerialDescriptor.kt:44)
	at kotlinx.serialization.internal.PluginGeneratedSerialDescriptor$_hashCode$2.invoke(PluginGeneratedSerialDescriptor.kt:44)
	at kotlin.SafePublicationLazyImpl.getValue(LazyJVM.kt:107)
	at kotlinx.serialization.internal.PluginGeneratedSerialDescriptor.get_hashCode(PluginGeneratedSerialDescriptor.kt:44)
	at kotlinx.serialization.internal.PluginGeneratedSerialDescriptor.hashCode(PluginGeneratedSerialDescriptor.kt:97)
	at java.base/java.util.concurrent.ConcurrentHashMap.get(ConcurrentHashMap.java:936)
	at kotlinx.serialization.json.internal.DescriptorSchemaCache.get(SchemaCache.kt:37)
	at kotlinx.serialization.json.internal.DescriptorSchemaCache.getOrPut(SchemaCache.kt:29)
	at kotlinx.serialization.json.internal.JsonNamesMapKt.deserializationNamesMap(JsonNamesMap.kt:54)
	at kotlinx.serialization.json.internal.JsonTreeDecoder.elementName(TreeJsonDecoder.kt:234)
	at kotlinx.serialization.internal.NamedValueDecoder.getTag(Tagged.kt:328)
	at kotlinx.serialization.json.internal.JsonTreeDecoder.decodeElementIndex(TreeJsonDecoder.kt:201)
	at androidx.room.migration.bundle.FieldBundle$$serializer.deserialize(FieldBundle.kt:24)
	at androidx.room.migration.bundle.FieldBundle$$serializer.deserialize(FieldBundle.kt:24)
	at kotlinx.serialization.json.internal.PolymorphicKt.decodeSerializableValuePolymorphic(Polymorphic.kt:77)
	at kotlinx.serialization.json.internal.AbstractJsonTreeDecoder.decodeSerializableValue(TreeJsonDecoder.kt:52)
	at kotlinx.serialization.internal.TaggedDecoder.decodeSerializableValue(Tagged.kt:207)
	at kotlinx.serialization.internal.TaggedDecoder$decodeSerializableElement$1.invoke(Tagged.kt:279)
	at kotlinx.serialization.internal.TaggedDecoder.tagBlock(Tagged.kt:294)
	at kotlinx.serialization.internal.TaggedDecoder.decodeSerializableElement(Tagged.kt:279)
	at kotlinx.serialization.encoding.CompositeDecoder$DefaultImpls.decodeSerializableElement$default(Decoding.kt:538)
	at kotlinx.serialization.internal.CollectionLikeSerializer.readElement(CollectionSerializers.kt:80)
	at kotlinx.serialization.internal.AbstractCollectionSerializer.readElement$default(CollectionSerializers.kt:51)
	at kotlinx.serialization.internal.AbstractCollectionSerializer.merge(CollectionSerializers.kt:36)
	at kotlinx.serialization.internal.AbstractCollectionSerializer.deserialize(CollectionSerializers.kt:43)
	at kotlinx.serialization.json.internal.PolymorphicKt.decodeSerializableValuePolymorphic(Polymorphic.kt:77)
	at kotlinx.serialization.json.internal.AbstractJsonTreeDecoder.decodeSerializableValue(TreeJsonDecoder.kt:52)
	at kotlinx.serialization.internal.TaggedDecoder.decodeSerializableValue(Tagged.kt:207)
	at kotlinx.serialization.internal.TaggedDecoder$decodeSerializableElement$1.invoke(Tagged.kt:279)
	at kotlinx.serialization.internal.TaggedDecoder.tagBlock(Tagged.kt:294)
	at kotlinx.serialization.internal.TaggedDecoder.decodeSerializableElement(Tagged.kt:279)
	at androidx.room.migration.bundle.EntityBundle$$serializer.deserialize(EntityBundle.kt:25)
	at androidx.room.migration.bundle.EntityBundle$$serializer.deserialize(EntityBundle.kt:25)
	at kotlinx.serialization.json.internal.PolymorphicKt.decodeSerializableValuePolymorphic(Polymorphic.kt:77)
	at kotlinx.serialization.json.internal.AbstractJsonTreeDecoder.decodeSerializableValue(TreeJsonDecoder.kt:52)
	at kotlinx.serialization.json.internal.TreeJsonDecoderKt.readJson(TreeJsonDecoder.kt:25)
	at kotlinx.serialization.json.Json.decodeFromJsonElement(Json.kt:127)
	at kotlinx.serialization.json.JsonContentPolymorphicSerializer.deserialize(JsonContentPolymorphicSerializer.kt:94)
	at kotlinx.serialization.json.internal.PolymorphicKt.decodeSerializableValuePolymorphic(Polymorphic.kt:77)
	at kotlinx.serialization.json.internal.AbstractJsonTreeDecoder.decodeSerializableValue(TreeJsonDecoder.kt:52)
	at kotlinx.serialization.json.internal.TreeJsonDecoderKt.readPolymorphicJson(TreeJsonDecoder.kt:33)
	at kotlinx.serialization.json.internal.PolymorphicKt.decodeSerializableValuePolymorphic(Polymorphic.kt:90)
	at kotlinx.serialization.json.internal.StreamingJsonDecoder.decodeSerializableValue(StreamingJsonDecoder.kt:75)
	at kotlinx.serialization.encoding.AbstractDecoder.decodeSerializableValue(AbstractDecoder.kt:43)
	at kotlinx.serialization.encoding.AbstractDecoder.decodeSerializableElement(AbstractDecoder.kt:70)
	at kotlinx.serialization.json.internal.StreamingJsonDecoder.decodeSerializableElement(StreamingJsonDecoder.kt:168)
	at kotlinx.serialization.encoding.CompositeDecoder$DefaultImpls.decodeSerializableElement$default(Decoding.kt:538)
	at kotlinx.serialization.internal.CollectionLikeSerializer.readElement(CollectionSerializers.kt:80)
	at kotlinx.serialization.internal.AbstractCollectionSerializer.readElement$default(CollectionSerializers.kt:51)
	at kotlinx.serialization.internal.AbstractCollectionSerializer.merge(CollectionSerializers.kt:36)
	at kotlinx.serialization.internal.AbstractCollectionSerializer.deserialize(CollectionSerializers.kt:43)
	at kotlinx.serialization.json.internal.StreamingJsonDecoder.decodeSerializableValue(StreamingJsonDecoder.kt:69)
	at kotlinx.serialization.encoding.AbstractDecoder.decodeSerializableValue(AbstractDecoder.kt:43)
	at kotlinx.serialization.encoding.AbstractDecoder.decodeSerializableElement(AbstractDecoder.kt:70)
	at kotlinx.serialization.json.internal.StreamingJsonDecoder.decodeSerializableElement(StreamingJsonDecoder.kt:168)
	at androidx.room.migration.bundle.DatabaseBundle$$serializer.deserialize(DatabaseBundle.kt:26)
	at androidx.room.migration.bundle.DatabaseBundle$$serializer.deserialize(DatabaseBundle.kt:26)
	at kotlinx.serialization.json.internal.StreamingJsonDecoder.decodeSerializableValue(StreamingJsonDecoder.kt:69)
	at kotlinx.serialization.encoding.AbstractDecoder.decodeSerializableValue(AbstractDecoder.kt:43)
	at kotlinx.serialization.encoding.AbstractDecoder.decodeSerializableElement(AbstractDecoder.kt:70)
	at kotlinx.serialization.json.internal.StreamingJsonDecoder.decodeSerializableElement(StreamingJsonDecoder.kt:168)
	at androidx.room.migration.bundle.SchemaBundle$$serializer.deserialize(SchemaBundle.jvm.kt:28)
	at androidx.room.migration.bundle.SchemaBundle$$serializer.deserialize(SchemaBundle.jvm.kt:28)
	at kotlinx.serialization.json.internal.StreamingJsonDecoder.decodeSerializableValue(StreamingJsonDecoder.kt:69)
	at kotlinx.serialization.json.Json.decodeFromString(Json.kt:107)
	at androidx.room.migration.bundle.SchemaBundle$Companion.deserialize(SchemaBundle.jvm.kt:56)
	at androidx.room.vo.Database.exportSchema(Database.kt:110)
	at androidx.room.DatabaseProcessingStep.process(DatabaseProcessingStep.kt:129)
	at androidx.room.compiler.processing.CommonProcessorDelegate.processRound(XBasicAnnotationProcessor.kt:134)
	at androidx.room.compiler.processing.ksp.KspBasicAnnotationProcessor.process(KspBasicAnnotationProcessor.kt:62)
	at com.google.devtools.ksp.AbstractKotlinSymbolProcessingExtension$doAnalysis$8$1.invoke(KotlinSymbolProcessingExtension.kt:320)
	at com.google.devtools.ksp.AbstractKotlinSymbolProcessingExtension$doAnalysis$8$1.invoke(KotlinSymbolProcessingExtension.kt:318)
	at com.google.devtools.ksp.AbstractKotlinSymbolProcessingExtension.handleException(KotlinSymbolProcessingExtension.kt:430)
	at com.google.devtools.ksp.AbstractKotlinSymbolProcessingExtension.doAnalysis(KotlinSymbolProcessingExtension.kt:318)
	at org.jetbrains.kotlin.cli.jvm.compiler.TopDownAnalyzerFacadeForJVM.analyzeFilesWithJavaIntegration(TopDownAnalyzerFacadeForJVM.kt:112)
	at org.jetbrains.kotlin.cli.jvm.compiler.TopDownAnalyzerFacadeForJVM.analyzeFilesWithJavaIntegration$default(TopDownAnalyzerFacadeForJVM.kt:75)
	at org.jetbrains.kotlin.cli.jvm.compiler.KotlinToJVMBytecodeCompiler.analyze$lambda$12(KotlinToJVMBytecodeCompiler.kt:373)
	at org.jetbrains.kotlin.cli.common.messages.AnalyzerWithCompilerReport.analyzeAndReport(AnalyzerWithCompilerReport.kt:112)
	at org.jetbrains.kotlin.cli.jvm.compiler.KotlinToJVMBytecodeCompiler.analyze(KotlinToJVMBytecodeCompiler.kt:364)
	at org.jetbrains.kotlin.cli.jvm.compiler.KotlinToJVMBytecodeCompiler.runFrontendAndGenerateIrUsingClassicFrontend(KotlinToJVMBytecodeCompiler.kt:195)
	at org.jetbrains.kotlin.cli.jvm.compiler.KotlinToJVMBytecodeCompiler.compileModules$cli(KotlinToJVMBytecodeCompiler.kt:106)
	at org.jetbrains.kotlin.cli.jvm.K2JVMCompiler.doExecute(K2JVMCompiler.kt:170)
	at org.jetbrains.kotlin.cli.jvm.K2JVMCompiler.doExecute(K2JVMCompiler.kt:43)
	at org.jetbrains.kotlin.cli.common.CLICompiler.execImpl(CLICompiler.kt:103)
	at org.jetbrains.kotlin.cli.common.CLICompiler.execImpl(CLICompiler.kt:49)
	at org.jetbrains.kotlin.cli.common.CLITool.exec(CLITool.kt:101)
	at org.jetbrains.kotlin.daemon.CompileServiceImpl.compile(CompileServiceImpl.kt:1555)
	at java.base/jdk.internal.reflect.NativeMethodAccessorImpl.invoke0(Native Method)
	at java.base/jdk.internal.reflect.NativeMethodAccessorImpl.invoke(NativeMethodAccessorImpl.java:77)
	at java.base/jdk.internal.reflect.DelegatingMethodAccessorImpl.invoke(DelegatingMethodAccessorImpl.java:43)
	at java.base/java.lang.reflect.Method.invoke(Method.java:568)
	at java.rmi/sun.rmi.server.UnicastServerRef.dispatch(UnicastServerRef.java:360)
	at java.rmi/sun.rmi.transport.Transport$1.run(Transport.java:200)
	at java.rmi/sun.rmi.transport.Transport$1.run(Transport.java:197)
	at java.base/java.security.AccessController.doPrivileged(AccessController.java:712)
	at java.rmi/sun.rmi.transport.Transport.serviceCall(Transport.java:196)
	at java.rmi/sun.rmi.transport.tcp.TCPTransport.handleMessages(TCPTransport.java:587)
	at java.rmi/sun.rmi.transport.tcp.TCPTransport$ConnectionHandler.run0(TCPTransport.java:828)
	at java.rmi/sun.rmi.transport.tcp.TCPTransport$ConnectionHandler.lambda$run$0(TCPTransport.java:705)
	at java.base/java.security.AccessController.doPrivileged(AccessController.java:399)
	at java.rmi/sun.rmi.transport.tcp.TCPTransport$ConnectionHandler.run(TCPTransport.java:704)
	at java.base/java.util.concurrent.ThreadPoolExecutor.runWorker(ThreadPoolExecutor.java:1136)
	at java.base/java.util.concurrent.ThreadPoolExecutor$Worker.run(ThreadPoolExecutor.java:635)
	at java.base/java.lang.Thread.run(Thread.java:840)


